<?xml version="1.0" encoding="UTF-8"?>
<!-- Generated by org.testng.reporters.JUnitReportReporter -->
<testsuite hostname="RUBINI" failures="0" tests="2" name="selenium.Selenium_S2_ExtentReport.AmazonTest" time="8.543" errors="0" timestamp="2024-02-10T18:53:21 IST" skipped="0">
  <testcase classname="selenium.Selenium_S2_ExtentReport.AmazonTest" name="testSearch2" time="5.133"/>
  <testcase classname="selenium.Selenium_S2_ExtentReport.AmazonTest" name="testSearch1" time="3.410"/>
</testsuite> <!-- selenium.Selenium_S2_ExtentReport.AmazonTest -->
