<?xml version="1.0" encoding="UTF-8"?>
<!-- Generated by org.testng.reporters.JUnitReportReporter -->
<testsuite hostname="RUBINI" failures="0" tests="1" name="utilities.ListenersDemo_Reports" time="10.517" errors="0" timestamp="2024-02-11T20:49:27 IST" skipped="0">
  <testcase classname="utilities.ListenersDemo_Reports" name="LoginFailTest" time="10.517"/>
</testsuite> <!-- utilities.ListenersDemo_Reports -->
